find1 0 -> find1 0 >
find1 1 -> find1 1 >
find1 2 -> find1 2 >
find1 3 -> find1 3 >
find1 4 -> find1 4 >
find1 5 -> find1 5 >
find1 6 -> find1 6 >
find1 7 -> find1 7 >
find1 8 -> find1 8 >
find1 9 -> find1 9 >
find1 a -> find1 a >
find1 b -> find1 b >
find1 c -> find1 c >
find1 d -> find1 d >
find1 e -> find1 e >
find1 f -> find1 f >
find10 0 -> find10 0 >
find10 1 -> find10 1 >
find10 2 -> find10 2 >
find10 3 -> find10 3 >
find10 4 -> find10 4 >
find10 5 -> find10 5 >
find10 6 -> find10 6 >
find10 7 -> find10 7 >
find10 8 -> find10 8 >
find10 9 -> find10 9 >
find10 a -> find10 a >
find10 b -> find10 b >
find10 c -> find10 c >
find10 d -> find10 d >
find10 e -> find10 e >
find10 f -> find10 f >
find11 0 -> find11 0 >
find11 1 -> find11 1 >
find11 2 -> find11 2 >
find11 3 -> find11 3 >
find11 4 -> find11 4 >
find11 5 -> find11 5 >
find11 6 -> find11 6 >
find11 7 -> find11 7 >
find11 8 -> find11 8 >
find11 9 -> find11 9 >
find11 a -> find11 a >
find11 b -> find11 b >
find11 c -> find11 c >
find11 d -> find11 d >
find11 e -> find11 e >
find11 f -> find11 f >
find100 0 -> find100 0 >
find100 1 -> find100 1 >
find100 2 -> find100 2 >
find100 3 -> find100 3 >
find100 4 -> find100 4 >
find100 5 -> find100 5 >
find100 6 -> find100 6 >
find100 7 -> find100 7 >
find100 8 -> find100 8 >
find100 9 -> find100 9 >
find100 a -> find100 a >
find100 b -> find100 b >
find100 c -> find100 c >
find100 d -> find100 d >
find100 e -> find100 e >
find100 f -> find100 f >
find101 0 -> find101 0 >
find101 1 -> find101 1 >
find101 2 -> find101 2 >
find101 3 -> find101 3 >
find101 4 -> find101 4 >
find101 5 -> find101 5 >
find101 6 -> find101 6 >
find101 7 -> find101 7 >
find101 8 -> find101 8 >
find101 9 -> find101 9 >
find101 a -> find101 a >
find101 b -> find101 b >
find101 c -> find101 c >
find101 d -> find101 d >
find101 e -> find101 e >
find101 f -> find101 f >
find110 0 -> find110 0 >
find110 1 -> find110 1 >
find110 2 -> find110 2 >
find110 3 -> find110 3 >
find110 4 -> find110 4 >
find110 5 -> find110 5 >
find110 6 -> find110 6 >
find110 7 -> find110 7 >
find110 8 -> find110 8 >
find110 9 -> find110 9 >
find110 a -> find110 a >
find110 b -> find110 b >
find110 c -> find110 c >
find110 d -> find110 d >
find110 e -> find110 e >
find110 f -> find110 f >
find111 0 -> find111 0 >
find111 1 -> find111 1 >
find111 2 -> find111 2 >
find111 3 -> find111 3 >
find111 4 -> find111 4 >
find111 5 -> find111 5 >
find111 6 -> find111 6 >
find111 7 -> find111 7 >
find111 8 -> find111 8 >
find111 9 -> find111 9 >
find111 a -> find111 a >
find111 b -> find111 b >
find111 c -> find111 c >
find111 d -> find111 d >
find111 e -> find111 e >
find111 f -> find111 f >
find1000 0 -> find1000 0 >
find1000 1 -> find1000 1 >
find1000 2 -> find1000 2 >
find1000 3 -> find1000 3 >
find1000 4 -> find1000 4 >
find1000 5 -> find1000 5 >
find1000 6 -> find1000 6 >
find1000 7 -> find1000 7 >
find1000 8 -> find1000 8 >
find1000 9 -> find1000 9 >
find1000 a -> find1000 a >
find1000 b -> find1000 b >
find1000 c -> find1000 c >
find1000 d -> find1000 d >
find1000 e -> find1000 e >
find1000 f -> find1000 f >
find1001 0 -> find1001 0 >
find1001 1 -> find1001 1 >
find1001 2 -> find1001 2 >
find1001 3 -> find1001 3 >
find1001 4 -> find1001 4 >
find1001 5 -> find1001 5 >
find1001 6 -> find1001 6 >
find1001 7 -> find1001 7 >
find1001 8 -> find1001 8 >
find1001 9 -> find1001 9 >
find1001 a -> find1001 a >
find1001 b -> find1001 b >
find1001 c -> find1001 c >
find1001 d -> find1001 d >
find1001 e -> find1001 e >
find1001 f -> find1001 f >
find1010 0 -> find1010 0 >
find1010 1 -> find1010 1 >
find1010 2 -> find1010 2 >
find1010 3 -> find1010 3 >
find1010 4 -> find1010 4 >
find1010 5 -> find1010 5 >
find1010 6 -> find1010 6 >
find1010 7 -> find1010 7 >
find1010 8 -> find1010 8 >
find1010 9 -> find1010 9 >
find1010 a -> find1010 a >
find1010 b -> find1010 b >
find1010 c -> find1010 c >
find1010 d -> find1010 d >
find1010 e -> find1010 e >
find1010 f -> find1010 f >
find1011 0 -> find1011 0 >
find1011 1 -> find1011 1 >
find1011 2 -> find1011 2 >
find1011 3 -> find1011 3 >
find1011 4 -> find1011 4 >
find1011 5 -> find1011 5 >
find1011 6 -> find1011 6 >
find1011 7 -> find1011 7 >
find1011 8 -> find1011 8 >
find1011 9 -> find1011 9 >
find1011 a -> find1011 a >
find1011 b -> find1011 b >
find1011 c -> find1011 c >
find1011 d -> find1011 d >
find1011 e -> find1011 e >
find1011 f -> find1011 f >
find1100 0 -> find1100 0 >
find1100 1 -> find1100 1 >
find1100 2 -> find1100 2 >
find1100 3 -> find1100 3 >
find1100 4 -> find1100 4 >
find1100 5 -> find1100 5 >
find1100 6 -> find1100 6 >
find1100 7 -> find1100 7 >
find1100 8 -> find1100 8 >
find1100 9 -> find1100 9 >
find1100 a -> find1100 a >
find1100 b -> find1100 b >
find1100 c -> find1100 c >
find1100 d -> find1100 d >
find1100 e -> find1100 e >
find1100 f -> find1100 f >
find1101 0 -> find1101 0 >
find1101 1 -> find1101 1 >
find1101 2 -> find1101 2 >
find1101 3 -> find1101 3 >
find1101 4 -> find1101 4 >
find1101 5 -> find1101 5 >
find1101 6 -> find1101 6 >
find1101 7 -> find1101 7 >
find1101 8 -> find1101 8 >
find1101 9 -> find1101 9 >
find1101 a -> find1101 a >
find1101 b -> find1101 b >
find1101 c -> find1101 c >
find1101 d -> find1101 d >
find1101 e -> find1101 e >
find1101 f -> find1101 f >
find1110 0 -> find1110 0 >
find1110 1 -> find1110 1 >
find1110 2 -> find1110 2 >
find1110 3 -> find1110 3 >
find1110 4 -> find1110 4 >
find1110 5 -> find1110 5 >
find1110 6 -> find1110 6 >
find1110 7 -> find1110 7 >
find1110 8 -> find1110 8 >
find1110 9 -> find1110 9 >
find1110 a -> find1110 a >
find1110 b -> find1110 b >
find1110 c -> find1110 c >
find1110 d -> find1110 d >
find1110 e -> find1110 e >
find1110 f -> find1110 f >
find1111 0 -> find1111 0 >
find1111 1 -> find1111 1 >
find1111 2 -> find1111 2 >
find1111 3 -> find1111 3 >
find1111 4 -> find1111 4 >
find1111 5 -> find1111 5 >
find1111 6 -> find1111 6 >
find1111 7 -> find1111 7 >
find1111 8 -> find1111 8 >
find1111 9 -> find1111 9 >
find1111 a -> find1111 a >
find1111 b -> find1111 b >
find1111 c -> find1111 c >
find1111 d -> find1111 d >
find1111 e -> find1111 e >
find1111 f -> find1111 f >
find10000 0 -> find10000 0 >
find10000 1 -> find10000 1 >
find10000 2 -> find10000 2 >
find10000 3 -> find10000 3 >
find10000 4 -> find10000 4 >
find10000 5 -> find10000 5 >
find10000 6 -> find10000 6 >
find10000 7 -> find10000 7 >
find10000 8 -> find10000 8 >
find10000 9 -> find10000 9 >
find10000 a -> find10000 a >
find10000 b -> find10000 b >
find10000 c -> find10000 c >
find10000 d -> find10000 d >
find10000 e -> find10000 e >
find10000 f -> find10000 f >
find10001 0 -> find10001 0 >
find10001 1 -> find10001 1 >
find10001 2 -> find10001 2 >
find10001 3 -> find10001 3 >
find10001 4 -> find10001 4 >
find10001 5 -> find10001 5 >
find10001 6 -> find10001 6 >
find10001 7 -> find10001 7 >
find10001 8 -> find10001 8 >
find10001 9 -> find10001 9 >
find10001 a -> find10001 a >
find10001 b -> find10001 b >
find10001 c -> find10001 c >
find10001 d -> find10001 d >
find10001 e -> find10001 e >
find10001 f -> find10001 f >
find10010 0 -> find10010 0 >
find10010 1 -> find10010 1 >
find10010 2 -> find10010 2 >
find10010 3 -> find10010 3 >
find10010 4 -> find10010 4 >
find10010 5 -> find10010 5 >
find10010 6 -> find10010 6 >
find10010 7 -> find10010 7 >
find10010 8 -> find10010 8 >
find10010 9 -> find10010 9 >
find10010 a -> find10010 a >
find10010 b -> find10010 b >
find10010 c -> find10010 c >
find10010 d -> find10010 d >
find10010 e -> find10010 e >
find10010 f -> find10010 f >
find10011 0 -> find10011 0 >
find10011 1 -> find10011 1 >
find10011 2 -> find10011 2 >
find10011 3 -> find10011 3 >
find10011 4 -> find10011 4 >
find10011 5 -> find10011 5 >
find10011 6 -> find10011 6 >
find10011 7 -> find10011 7 >
find10011 8 -> find10011 8 >
find10011 9 -> find10011 9 >
find10011 a -> find10011 a >
find10011 b -> find10011 b >
find10011 c -> find10011 c >
find10011 d -> find10011 d >
find10011 e -> find10011 e >
find10011 f -> find10011 f >
find10100 0 -> find10100 0 >
find10100 1 -> find10100 1 >
find10100 2 -> find10100 2 >
find10100 3 -> find10100 3 >
find10100 4 -> find10100 4 >
find10100 5 -> find10100 5 >
find10100 6 -> find10100 6 >
find10100 7 -> find10100 7 >
find10100 8 -> find10100 8 >
find10100 9 -> find10100 9 >
find10100 a -> find10100 a >
find10100 b -> find10100 b >
find10100 c -> find10100 c >
find10100 d -> find10100 d >
find10100 e -> find10100 e >
find10100 f -> find10100 f >
find10101 0 -> find10101 0 >
find10101 1 -> find10101 1 >
find10101 2 -> find10101 2 >
find10101 3 -> find10101 3 >
find10101 4 -> find10101 4 >
find10101 5 -> find10101 5 >
find10101 6 -> find10101 6 >
find10101 7 -> find10101 7 >
find10101 8 -> find10101 8 >
find10101 9 -> find10101 9 >
find10101 a -> find10101 a >
find10101 b -> find10101 b >
find10101 c -> find10101 c >
find10101 d -> find10101 d >
find10101 e -> find10101 e >
find10101 f -> find10101 f >
find10110 0 -> find10110 0 >
find10110 1 -> find10110 1 >
find10110 2 -> find10110 2 >
find10110 3 -> find10110 3 >
find10110 4 -> find10110 4 >
find10110 5 -> find10110 5 >
find10110 6 -> find10110 6 >
find10110 7 -> find10110 7 >
find10110 8 -> find10110 8 >
find10110 9 -> find10110 9 >
find10110 a -> find10110 a >
find10110 b -> find10110 b >
find10110 c -> find10110 c >
find10110 d -> find10110 d >
find10110 e -> find10110 e >
find10110 f -> find10110 f >
find10111 0 -> find10111 0 >
find10111 1 -> find10111 1 >
find10111 2 -> find10111 2 >
find10111 3 -> find10111 3 >
find10111 4 -> find10111 4 >
find10111 5 -> find10111 5 >
find10111 6 -> find10111 6 >
find10111 7 -> find10111 7 >
find10111 8 -> find10111 8 >
find10111 9 -> find10111 9 >
find10111 a -> find10111 a >
find10111 b -> find10111 b >
find10111 c -> find10111 c >
find10111 d -> find10111 d >
find10111 e -> find10111 e >
find10111 f -> find10111 f >
find11000 0 -> find11000 0 >
find11000 1 -> find11000 1 >
find11000 2 -> find11000 2 >
find11000 3 -> find11000 3 >
find11000 4 -> find11000 4 >
find11000 5 -> find11000 5 >
find11000 6 -> find11000 6 >
find11000 7 -> find11000 7 >
find11000 8 -> find11000 8 >
find11000 9 -> find11000 9 >
find11000 a -> find11000 a >
find11000 b -> find11000 b >
find11000 c -> find11000 c >
find11000 d -> find11000 d >
find11000 e -> find11000 e >
find11000 f -> find11000 f >
find11001 0 -> find11001 0 >
find11001 1 -> find11001 1 >
find11001 2 -> find11001 2 >
find11001 3 -> find11001 3 >
find11001 4 -> find11001 4 >
find11001 5 -> find11001 5 >
find11001 6 -> find11001 6 >
find11001 7 -> find11001 7 >
find11001 8 -> find11001 8 >
find11001 9 -> find11001 9 >
find11001 a -> find11001 a >
find11001 b -> find11001 b >
find11001 c -> find11001 c >
find11001 d -> find11001 d >
find11001 e -> find11001 e >
find11001 f -> find11001 f >
find11010 0 -> find11010 0 >
find11010 1 -> find11010 1 >
find11010 2 -> find11010 2 >
find11010 3 -> find11010 3 >
find11010 4 -> find11010 4 >
find11010 5 -> find11010 5 >
find11010 6 -> find11010 6 >
find11010 7 -> find11010 7 >
find11010 8 -> find11010 8 >
find11010 9 -> find11010 9 >
find11010 a -> find11010 a >
find11010 b -> find11010 b >
find11010 c -> find11010 c >
find11010 d -> find11010 d >
find11010 e -> find11010 e >
find11010 f -> find11010 f >
find11011 0 -> find11011 0 >
find11011 1 -> find11011 1 >
find11011 2 -> find11011 2 >
find11011 3 -> find11011 3 >
find11011 4 -> find11011 4 >
find11011 5 -> find11011 5 >
find11011 6 -> find11011 6 >
find11011 7 -> find11011 7 >
find11011 8 -> find11011 8 >
find11011 9 -> find11011 9 >
find11011 a -> find11011 a >
find11011 b -> find11011 b >
find11011 c -> find11011 c >
find11011 d -> find11011 d >
find11011 e -> find11011 e >
find11011 f -> find11011 f >
find11100 0 -> find11100 0 >
find11100 1 -> find11100 1 >
find11100 2 -> find11100 2 >
find11100 3 -> find11100 3 >
find11100 4 -> find11100 4 >
find11100 5 -> find11100 5 >
find11100 6 -> find11100 6 >
find11100 7 -> find11100 7 >
find11100 8 -> find11100 8 >
find11100 9 -> find11100 9 >
find11100 a -> find11100 a >
find11100 b -> find11100 b >
find11100 c -> find11100 c >
find11100 d -> find11100 d >
find11100 e -> find11100 e >
find11100 f -> find11100 f >
find11101 0 -> find11101 0 >
find11101 1 -> find11101 1 >
find11101 2 -> find11101 2 >
find11101 3 -> find11101 3 >
find11101 4 -> find11101 4 >
find11101 5 -> find11101 5 >
find11101 6 -> find11101 6 >
find11101 7 -> find11101 7 >
find11101 8 -> find11101 8 >
find11101 9 -> find11101 9 >
find11101 a -> find11101 a >
find11101 b -> find11101 b >
find11101 c -> find11101 c >
find11101 d -> find11101 d >
find11101 e -> find11101 e >
find11101 f -> find11101 f >
find11110 0 -> find11110 0 >
find11110 1 -> find11110 1 >
find11110 2 -> find11110 2 >
find11110 3 -> find11110 3 >
find11110 4 -> find11110 4 >
find11110 5 -> find11110 5 >
find11110 6 -> find11110 6 >
find11110 7 -> find11110 7 >
find11110 8 -> find11110 8 >
find11110 9 -> find11110 9 >
find11110 a -> find11110 a >
find11110 b -> find11110 b >
find11110 c -> find11110 c >
find11110 d -> find11110 d >
find11110 e -> find11110 e >
find11110 f -> find11110 f >
