start: s
accept: ac
reject: rj
blank: _
s 1 -> read1 _ >
read1 0 -> read10 _ >
read1 1 -> read11 _ >
read1 _ -> writeFactOf1s0 _ >
read10 0 -> read100 _ >
read10 1 -> read101 _ >
read10 _ -> writeFactOf10s0 _ >
read11 0 -> read110 _ >
read11 1 -> read111 _ >
read11 _ -> writeFactOf11s0 _ >
read100 0 -> read1000 _ >
read100 1 -> read1001 _ >
read100 _ -> writeFactOf100s0 _ >
read101 0 -> read1010 _ >
read101 1 -> read1011 _ >
read101 _ -> writeFactOf101s0 _ >
read110 0 -> read1100 _ >
read110 1 -> read1101 _ >
read110 _ -> writeFactOf110s0 _ >
read111 0 -> read1110 _ >
read111 1 -> read1111 _ >
read111 _ -> writeFactOf111s0 _ >
read1000 0 -> read10000 _ >
read1000 1 -> read10001 _ >
read1000 _ -> writeFactOf1000s0 _ >
read1001 0 -> read10010 _ >
read1001 1 -> read10011 _ >
read1001 _ -> writeFactOf1001s0 _ >
read1010 0 -> read10100 _ >
read1010 1 -> read10101 _ >
read1010 _ -> writeFactOf1010s0 _ >
read1011 0 -> read10110 _ >
read1011 1 -> read10111 _ >
read1011 _ -> writeFactOf1011s0 _ >
read1100 0 -> read11000 _ >
read1100 1 -> read11001 _ >
read1100 _ -> writeFactOf1100s0 _ >
read1101 0 -> read11010 _ >
read1101 1 -> read11011 _ >
read1101 _ -> writeFactOf1101s0 _ >
read1110 0 -> read11100 _ >
read1110 1 -> read11101 _ >
read1110 _ -> writeFactOf1110s0 _ >
read1111 0 -> read11110 _ >
read1111 1 -> read11111 _ >
read1111 _ -> writeFactOf1111s0 _ >
read10000 0 -> read100000 _ >
read10000 1 -> read100001 _ >
read10000 _ -> writeFactOf10000s0 _ >
read10001 0 -> read100010 _ >
read10001 1 -> read100011 _ >
read10001 _ -> writeFactOf10001s0 _ >
read10010 0 -> read100100 _ >
read10010 1 -> read100101 _ >
read10010 _ -> writeFactOf10010s0 _ >
read10011 0 -> read100110 _ >
read10011 1 -> read100111 _ >
read10011 _ -> writeFactOf10011s0 _ >
read10100 0 -> read101000 _ >
read10100 1 -> read101001 _ >
read10100 _ -> writeFactOf10100s0 _ >
read10101 0 -> read101010 _ >
read10101 1 -> read101011 _ >
read10101 _ -> writeFactOf10101s0 _ >
read10110 0 -> read101100 _ >
read10110 1 -> read101101 _ >
read10110 _ -> writeFactOf10110s0 _ >
read10111 0 -> read101110 _ >
read10111 1 -> read101111 _ >
read10111 _ -> writeFactOf10111s0 _ >
read11000 0 -> read110000 _ >
read11000 1 -> read110001 _ >
read11000 _ -> writeFactOf11000s0 _ >
read11001 0 -> read110010 _ >
read11001 1 -> read110011 _ >
read11001 _ -> writeFactOf11001s0 _ >
read11010 0 -> read110100 _ >
read11010 1 -> read110101 _ >
read11010 _ -> writeFactOf11010s0 _ >
read11011 0 -> read110110 _ >
read11011 1 -> read110111 _ >
read11011 _ -> writeFactOf11011s0 _ >
read11100 0 -> read111000 _ >
read11100 1 -> read111001 _ >
read11100 _ -> writeFactOf11100s0 _ >
read11101 0 -> read111010 _ >
read11101 1 -> read111011 _ >
read11101 _ -> writeFactOf11101s0 _ >
read11110 0 -> read111100 _ >
read11110 1 -> read111101 _ >
read11110 _ -> writeFactOf11110s0 _ >
writeFactOf1s0 _ -> writeFactOf1s1 1 >
writeFactOf1s1 _ -> findFirstHexDigit * <
writeFactOf10s0 _ -> writeFactOf10s1 2 >
writeFactOf10s1 _ -> findFirstHexDigit * <
writeFactOf11s0 _ -> writeFactOf11s1 6 >
writeFactOf11s1 _ -> findFirstHexDigit * <
writeFactOf100s0 _ -> writeFactOf100s1 1 >
writeFactOf100s1 _ -> writeFactOf100s2 8 >
writeFactOf100s2 _ -> findFirstHexDigit * <
writeFactOf101s0 _ -> writeFactOf101s1 7 >
writeFactOf101s1 _ -> writeFactOf101s2 8 >
writeFactOf101s2 _ -> findFirstHexDigit * <
writeFactOf110s0 _ -> writeFactOf110s1 2 >
writeFactOf110s1 _ -> writeFactOf110s2 d >
writeFactOf110s2 _ -> writeFactOf110s3 0 >
writeFactOf110s3 _ -> findFirstHexDigit * <
writeFactOf111s0 _ -> writeFactOf111s1 1 >
writeFactOf111s1 _ -> writeFactOf111s2 3 >
writeFactOf111s2 _ -> writeFactOf111s3 b >
writeFactOf111s3 _ -> writeFactOf111s4 0 >
writeFactOf111s4 _ -> findFirstHexDigit * <
writeFactOf1000s0 _ -> writeFactOf1000s1 9 >
writeFactOf1000s1 _ -> writeFactOf1000s2 d >
writeFactOf1000s2 _ -> writeFactOf1000s3 8 >
writeFactOf1000s3 _ -> writeFactOf1000s4 0 >
writeFactOf1000s4 _ -> findFirstHexDigit * <
writeFactOf1001s0 _ -> writeFactOf1001s1 5 >
writeFactOf1001s1 _ -> writeFactOf1001s2 8 >
writeFactOf1001s2 _ -> writeFactOf1001s3 9 >
writeFactOf1001s3 _ -> writeFactOf1001s4 8 >
writeFactOf1001s4 _ -> writeFactOf1001s5 0 >
writeFactOf1001s5 _ -> findFirstHexDigit * <
writeFactOf1010s0 _ -> writeFactOf1010s1 3 >
writeFactOf1010s1 _ -> writeFactOf1010s2 7 >
writeFactOf1010s2 _ -> writeFactOf1010s3 5 >
writeFactOf1010s3 _ -> writeFactOf1010s4 f >
writeFactOf1010s4 _ -> writeFactOf1010s5 0 >
writeFactOf1010s5 _ -> writeFactOf1010s6 0 >
writeFactOf1010s6 _ -> findFirstHexDigit * <
writeFactOf1011s0 _ -> writeFactOf1011s1 2 >
writeFactOf1011s1 _ -> writeFactOf1011s2 6 >
writeFactOf1011s2 _ -> writeFactOf1011s3 1 >
writeFactOf1011s3 _ -> writeFactOf1011s4 1 >
writeFactOf1011s4 _ -> writeFactOf1011s5 5 >
writeFactOf1011s5 _ -> writeFactOf1011s6 0 >
writeFactOf1011s6 _ -> writeFactOf1011s7 0 >
writeFactOf1011s7 _ -> findFirstHexDigit * <
writeFactOf1100s0 _ -> writeFactOf1100s1 1 >
writeFactOf1100s1 _ -> writeFactOf1100s2 c >
writeFactOf1100s2 _ -> writeFactOf1100s3 8 >
writeFactOf1100s3 _ -> writeFactOf1100s4 c >
writeFactOf1100s4 _ -> writeFactOf1100s5 f >
writeFactOf1100s5 _ -> writeFactOf1100s6 c >
writeFactOf1100s6 _ -> writeFactOf1100s7 0 >
writeFactOf1100s7 _ -> writeFactOf1100s8 0 >
writeFactOf1100s8 _ -> findFirstHexDigit * <
writeFactOf1101s0 _ -> writeFactOf1101s1 1 >
writeFactOf1101s1 _ -> writeFactOf1101s2 7 >
writeFactOf1101s2 _ -> writeFactOf1101s3 3 >
writeFactOf1101s3 _ -> writeFactOf1101s4 2 >
writeFactOf1101s4 _ -> writeFactOf1101s5 8 >
writeFactOf1101s5 _ -> writeFactOf1101s6 c >
writeFactOf1101s6 _ -> writeFactOf1101s7 c >
writeFactOf1101s7 _ -> writeFactOf1101s8 0 >
writeFactOf1101s8 _ -> writeFactOf1101s9 0 >
writeFactOf1101s9 _ -> findFirstHexDigit * <
writeFactOf1110s0 _ -> writeFactOf1110s1 1 >
writeFactOf1110s1 _ -> writeFactOf1110s2 4 >
writeFactOf1110s2 _ -> writeFactOf1110s3 4 >
writeFactOf1110s3 _ -> writeFactOf1110s4 c >
writeFactOf1110s4 _ -> writeFactOf1110s5 3 >
writeFactOf1110s5 _ -> writeFactOf1110s6 b >
writeFactOf1110s6 _ -> writeFactOf1110s7 2 >
writeFactOf1110s7 _ -> writeFactOf1110s8 8 >
writeFactOf1110s8 _ -> writeFactOf1110s9 0 >
writeFactOf1110s9 _ -> writeFactOf1110s10 0 >
writeFactOf1110s10 _ -> findFirstHexDigit * <
writeFactOf1111s0 _ -> writeFactOf1111s1 1 >
writeFactOf1111s1 _ -> writeFactOf1111s2 3 >
writeFactOf1111s2 _ -> writeFactOf1111s3 0 >
writeFactOf1111s3 _ -> writeFactOf1111s4 7 >
writeFactOf1111s4 _ -> writeFactOf1111s5 7 >
writeFactOf1111s5 _ -> writeFactOf1111s6 7 >
writeFactOf1111s6 _ -> writeFactOf1111s7 7 >
writeFactOf1111s7 _ -> writeFactOf1111s8 5 >
writeFactOf1111s8 _ -> writeFactOf1111s9 8 >
writeFactOf1111s9 _ -> writeFactOf1111s10 0 >
writeFactOf1111s10 _ -> writeFactOf1111s11 0 >
writeFactOf1111s11 _ -> findFirstHexDigit * <
writeFactOf10000s0 _ -> writeFactOf10000s1 1 >
writeFactOf10000s1 _ -> writeFactOf10000s2 3 >
writeFactOf10000s2 _ -> writeFactOf10000s3 0 >
writeFactOf10000s3 _ -> writeFactOf10000s4 7 >
writeFactOf10000s4 _ -> writeFactOf10000s5 7 >
writeFactOf10000s5 _ -> writeFactOf10000s6 7 >
writeFactOf10000s6 _ -> writeFactOf10000s7 7 >
writeFactOf10000s7 _ -> writeFactOf10000s8 5 >
writeFactOf10000s8 _ -> writeFactOf10000s9 8 >
writeFactOf10000s9 _ -> writeFactOf10000s10 0 >
writeFactOf10000s10 _ -> writeFactOf10000s11 0 >
writeFactOf10000s11 _ -> writeFactOf10000s12 0 >
writeFactOf10000s12 _ -> findFirstHexDigit * <
writeFactOf10001s0 _ -> writeFactOf10001s1 1 >
writeFactOf10001s1 _ -> writeFactOf10001s2 4 >
writeFactOf10001s2 _ -> writeFactOf10001s3 3 >
writeFactOf10001s3 _ -> writeFactOf10001s4 7 >
writeFactOf10001s4 _ -> writeFactOf10001s5 e >
writeFactOf10001s5 _ -> writeFactOf10001s6 e >
writeFactOf10001s6 _ -> writeFactOf10001s7 e >
writeFactOf10001s7 _ -> writeFactOf10001s8 c >
writeFactOf10001s8 _ -> writeFactOf10001s9 d >
writeFactOf10001s9 _ -> writeFactOf10001s10 8 >
writeFactOf10001s10 _ -> writeFactOf10001s11 0 >
writeFactOf10001s11 _ -> writeFactOf10001s12 0 >
writeFactOf10001s12 _ -> writeFactOf10001s13 0 >
writeFactOf10001s13 _ -> findFirstHexDigit * <
writeFactOf10010s0 _ -> writeFactOf10010s1 1 >
writeFactOf10010s1 _ -> writeFactOf10010s2 6 >
writeFactOf10010s2 _ -> writeFactOf10010s3 b >
writeFactOf10010s3 _ -> writeFactOf10010s4 e >
writeFactOf10010s4 _ -> writeFactOf10010s5 e >
writeFactOf10010s5 _ -> writeFactOf10010s6 c >
writeFactOf10010s6 _ -> writeFactOf10010s7 c >
writeFactOf10010s7 _ -> writeFactOf10010s8 a >
writeFactOf10010s8 _ -> writeFactOf10010s9 7 >
writeFactOf10010s9 _ -> writeFactOf10010s10 3 >
writeFactOf10010s10 _ -> writeFactOf10010s11 0 >
writeFactOf10010s11 _ -> writeFactOf10010s12 0 >
writeFactOf10010s12 _ -> writeFactOf10010s13 0 >
writeFactOf10010s13 _ -> writeFactOf10010s14 0 >
writeFactOf10010s14 _ -> findFirstHexDigit * <
writeFactOf10011s0 _ -> writeFactOf10011s1 1 >
writeFactOf10011s1 _ -> writeFactOf10011s2 b >
writeFactOf10011s2 _ -> writeFactOf10011s3 0 >
writeFactOf10011s3 _ -> writeFactOf10011s4 2 >
writeFactOf10011s4 _ -> writeFactOf10011s5 b >
writeFactOf10011s5 _ -> writeFactOf10011s6 9 >
writeFactOf10011s6 _ -> writeFactOf10011s7 3 >
writeFactOf10011s7 _ -> writeFactOf10011s8 0 >
writeFactOf10011s8 _ -> writeFactOf10011s9 6 >
writeFactOf10011s9 _ -> writeFactOf10011s10 8 >
writeFactOf10011s10 _ -> writeFactOf10011s11 9 >
writeFactOf10011s11 _ -> writeFactOf10011s12 0 >
writeFactOf10011s12 _ -> writeFactOf10011s13 0 >
writeFactOf10011s13 _ -> writeFactOf10011s14 0 >
writeFactOf10011s14 _ -> writeFactOf10011s15 0 >
writeFactOf10011s15 _ -> findFirstHexDigit * <
writeFactOf10100s0 _ -> writeFactOf10100s1 2 >
writeFactOf10100s1 _ -> writeFactOf10100s2 1 >
writeFactOf10100s2 _ -> writeFactOf10100s3 c >
writeFactOf10100s3 _ -> writeFactOf10100s4 3 >
writeFactOf10100s4 _ -> writeFactOf10100s5 6 >
writeFactOf10100s5 _ -> writeFactOf10100s6 7 >
writeFactOf10100s6 _ -> writeFactOf10100s7 7 >
writeFactOf10100s7 _ -> writeFactOf10100s8 c >
writeFactOf10100s8 _ -> writeFactOf10100s9 8 >
writeFactOf10100s9 _ -> writeFactOf10100s10 2 >
writeFactOf10100s10 _ -> writeFactOf10100s11 b >
writeFactOf10100s11 _ -> writeFactOf10100s12 4 >
writeFactOf10100s12 _ -> writeFactOf10100s13 0 >
writeFactOf10100s13 _ -> writeFactOf10100s14 0 >
writeFactOf10100s14 _ -> writeFactOf10100s15 0 >
writeFactOf10100s15 _ -> writeFactOf10100s16 0 >
writeFactOf10100s16 _ -> findFirstHexDigit * <
writeFactOf10101s0 _ -> writeFactOf10101s1 2 >
writeFactOf10101s1 _ -> writeFactOf10101s2 c >
writeFactOf10101s2 _ -> writeFactOf10101s3 5 >
writeFactOf10101s3 _ -> writeFactOf10101s4 0 >
writeFactOf10101s4 _ -> writeFactOf10101s5 7 >
writeFactOf10101s5 _ -> writeFactOf10101s6 7 >
writeFactOf10101s6 _ -> writeFactOf10101s7 d >
writeFactOf10101s7 _ -> writeFactOf10101s8 3 >
writeFactOf10101s8 _ -> writeFactOf10101s9 6 >
writeFactOf10101s9 _ -> writeFactOf10101s10 b >
writeFactOf10101s10 _ -> writeFactOf10101s11 8 >
writeFactOf10101s11 _ -> writeFactOf10101s12 c >
writeFactOf10101s12 _ -> writeFactOf10101s13 4 >
writeFactOf10101s13 _ -> writeFactOf10101s14 0 >
writeFactOf10101s14 _ -> writeFactOf10101s15 0 >
writeFactOf10101s15 _ -> writeFactOf10101s16 0 >
writeFactOf10101s16 _ -> writeFactOf10101s17 0 >
writeFactOf10101s17 _ -> findFirstHexDigit * <
writeFactOf10110s0 _ -> writeFactOf10110s1 3 >
writeFactOf10110s1 _ -> writeFactOf10110s2 c >
writeFactOf10110s2 _ -> writeFactOf10110s3 e >
writeFactOf10110s3 _ -> writeFactOf10110s4 e >
writeFactOf10110s4 _ -> writeFactOf10110s5 a >
writeFactOf10110s5 _ -> writeFactOf10110s6 4 >
writeFactOf10110s6 _ -> writeFactOf10110s7 c >
writeFactOf10110s7 _ -> writeFactOf10110s8 2 >
writeFactOf10110s8 _ -> writeFactOf10110s9 b >
writeFactOf10110s9 _ -> writeFactOf10110s10 3 >
writeFactOf10110s10 _ -> writeFactOf10110s11 e >
writeFactOf10110s11 _ -> writeFactOf10110s12 0 >
writeFactOf10110s12 _ -> writeFactOf10110s13 d >
writeFactOf10110s13 _ -> writeFactOf10110s14 8 >
writeFactOf10110s14 _ -> writeFactOf10110s15 0 >
writeFactOf10110s15 _ -> writeFactOf10110s16 0 >
writeFactOf10110s16 _ -> writeFactOf10110s17 0 >
writeFactOf10110s17 _ -> writeFactOf10110s18 0 >
writeFactOf10110s18 _ -> findFirstHexDigit * <
writeFactOf10111s0 _ -> writeFactOf10111s1 5 >
writeFactOf10111s1 _ -> writeFactOf10111s2 7 >
writeFactOf10111s2 _ -> writeFactOf10111s3 9 >
writeFactOf10111s3 _ -> writeFactOf10111s4 7 >
writeFactOf10111s4 _ -> writeFactOf10111s5 0 >
writeFactOf10111s5 _ -> writeFactOf10111s6 c >
writeFactOf10111s6 _ -> writeFactOf10111s7 d >
writeFactOf10111s7 _ -> writeFactOf10111s8 7 >
writeFactOf10111s8 _ -> writeFactOf10111s9 e >
writeFactOf10111s9 _ -> writeFactOf10111s10 2 >
writeFactOf10111s10 _ -> writeFactOf10111s11 9 >
writeFactOf10111s11 _ -> writeFactOf10111s12 3 >
writeFactOf10111s12 _ -> writeFactOf10111s13 3 >
writeFactOf10111s13 _ -> writeFactOf10111s14 6 >
writeFactOf10111s14 _ -> writeFactOf10111s15 8 >
writeFactOf10111s15 _ -> writeFactOf10111s16 0 >
writeFactOf10111s16 _ -> writeFactOf10111s17 0 >
writeFactOf10111s17 _ -> writeFactOf10111s18 0 >
writeFactOf10111s18 _ -> writeFactOf10111s19 0 >
writeFactOf10111s19 _ -> findFirstHexDigit * <
writeFactOf11000s0 _ -> writeFactOf11000s1 8 >
writeFactOf11000s1 _ -> writeFactOf11000s2 3 >
writeFactOf11000s2 _ -> writeFactOf11000s3 6 >
writeFactOf11000s3 _ -> writeFactOf11000s4 2 >
writeFactOf11000s4 _ -> writeFactOf11000s5 9 >
writeFactOf11000s5 _ -> writeFactOf11000s6 3 >
writeFactOf11000s6 _ -> writeFactOf11000s7 4 >
writeFactOf11000s7 _ -> writeFactOf11000s8 3 >
writeFactOf11000s8 _ -> writeFactOf11000s9 d >
writeFactOf11000s9 _ -> writeFactOf11000s10 3 >
writeFactOf11000s10 _ -> writeFactOf11000s11 d >
writeFactOf11000s11 _ -> writeFactOf11000s12 c >
writeFactOf11000s12 _ -> writeFactOf11000s13 d >
writeFactOf11000s13 _ -> writeFactOf11000s14 1 >
writeFactOf11000s14 _ -> writeFactOf11000s15 c >
writeFactOf11000s15 _ -> writeFactOf11000s16 0 >
writeFactOf11000s16 _ -> writeFactOf11000s17 0 >
writeFactOf11000s17 _ -> writeFactOf11000s18 0 >
writeFactOf11000s18 _ -> writeFactOf11000s19 0 >
writeFactOf11000s19 _ -> writeFactOf11000s20 0 >
writeFactOf11000s20 _ -> findFirstHexDigit * <
writeFactOf11001s0 _ -> writeFactOf11001s1 c >
writeFactOf11001s1 _ -> writeFactOf11001s2 d >
writeFactOf11001s2 _ -> writeFactOf11001s3 4 >
writeFactOf11001s3 _ -> writeFactOf11001s4 a >
writeFactOf11001s4 _ -> writeFactOf11001s5 0 >
writeFactOf11001s5 _ -> writeFactOf11001s6 6 >
writeFactOf11001s6 _ -> writeFactOf11001s7 1 >
writeFactOf11001s7 _ -> writeFactOf11001s8 9 >
writeFactOf11001s8 _ -> writeFactOf11001s9 f >
writeFactOf11001s9 _ -> writeFactOf11001s10 b >
writeFactOf11001s10 _ -> writeFactOf11001s11 0 >
writeFactOf11001s11 _ -> writeFactOf11001s12 9 >
writeFactOf11001s12 _ -> writeFactOf11001s13 0 >
writeFactOf11001s13 _ -> writeFactOf11001s14 7 >
writeFactOf11001s14 _ -> writeFactOf11001s15 b >
writeFactOf11001s15 _ -> writeFactOf11001s16 c >
writeFactOf11001s16 _ -> writeFactOf11001s17 0 >
writeFactOf11001s17 _ -> writeFactOf11001s18 0 >
writeFactOf11001s18 _ -> writeFactOf11001s19 0 >
writeFactOf11001s19 _ -> writeFactOf11001s20 0 >
writeFactOf11001s20 _ -> writeFactOf11001s21 0 >
writeFactOf11001s21 _ -> findFirstHexDigit * <
writeFactOf11010s0 _ -> writeFactOf11010s1 1 >
writeFactOf11010s1 _ -> writeFactOf11010s2 4 >
writeFactOf11010s2 _ -> writeFactOf11010s3 d >
writeFactOf11010s3 _ -> writeFactOf11010s4 9 >
writeFactOf11010s4 _ -> writeFactOf11010s5 8 >
writeFactOf11010s5 _ -> writeFactOf11010s6 4 >
writeFactOf11010s6 _ -> writeFactOf11010s7 9 >
writeFactOf11010s7 _ -> writeFactOf11010s8 e >
writeFactOf11010s8 _ -> writeFactOf11010s9 a >
writeFactOf11010s9 _ -> writeFactOf11010s10 3 >
writeFactOf11010s10 _ -> writeFactOf11010s11 7 >
writeFactOf11010s11 _ -> writeFactOf11010s12 e >
writeFactOf11010s12 _ -> writeFactOf11010s13 e >
writeFactOf11010s13 _ -> writeFactOf11010s14 a >
writeFactOf11010s14 _ -> writeFactOf11010s15 c >
writeFactOf11010s15 _ -> writeFactOf11010s16 9 >
writeFactOf11010s16 _ -> writeFactOf11010s17 1 >
writeFactOf11010s17 _ -> writeFactOf11010s18 8 >
writeFactOf11010s18 _ -> writeFactOf11010s19 0 >
writeFactOf11010s19 _ -> writeFactOf11010s20 0 >
writeFactOf11010s20 _ -> writeFactOf11010s21 0 >
writeFactOf11010s21 _ -> writeFactOf11010s22 0 >
writeFactOf11010s22 _ -> writeFactOf11010s23 0 >
writeFactOf11010s23 _ -> findFirstHexDigit * <
writeFactOf11011s0 _ -> writeFactOf11011s1 2 >
writeFactOf11011s1 _ -> writeFactOf11011s2 3 >
writeFactOf11011s2 _ -> writeFactOf11011s3 2 >
writeFactOf11011s3 _ -> writeFactOf11011s4 f >
writeFactOf11011s4 _ -> writeFactOf11011s5 0 >
writeFactOf11011s5 _ -> writeFactOf11011s6 f >
writeFactOf11011s6 _ -> writeFactOf11011s7 c >
writeFactOf11011s7 _ -> writeFactOf11011s8 b >
writeFactOf11011s8 _ -> writeFactOf11011s9 b >
writeFactOf11011s9 _ -> writeFactOf11011s10 3 >
writeFactOf11011s10 _ -> writeFactOf11011s11 e >
writeFactOf11011s11 _ -> writeFactOf11011s12 6 >
writeFactOf11011s12 _ -> writeFactOf11011s13 2 >
writeFactOf11011s13 _ -> writeFactOf11011s14 c >
writeFactOf11011s14 _ -> writeFactOf11011s15 3 >
writeFactOf11011s15 _ -> writeFactOf11011s16 3 >
writeFactOf11011s16 _ -> writeFactOf11011s17 5 >
writeFactOf11011s17 _ -> writeFactOf11011s18 8 >
writeFactOf11011s18 _ -> writeFactOf11011s19 8 >
writeFactOf11011s19 _ -> writeFactOf11011s20 0 >
writeFactOf11011s20 _ -> writeFactOf11011s21 0 >
writeFactOf11011s21 _ -> writeFactOf11011s22 0 >
writeFactOf11011s22 _ -> writeFactOf11011s23 0 >
writeFactOf11011s23 _ -> writeFactOf11011s24 0 >
writeFactOf11011s24 _ -> findFirstHexDigit * <
writeFactOf11100s0 _ -> writeFactOf11100s1 3 >
writeFactOf11100s1 _ -> writeFactOf11100s2 d >
writeFactOf11100s2 _ -> writeFactOf11100s3 9 >
writeFactOf11100s3 _ -> writeFactOf11100s4 2 >
writeFactOf11100s4 _ -> writeFactOf11100s5 5 >
writeFactOf11100s5 _ -> writeFactOf11100s6 b >
writeFactOf11100s6 _ -> writeFactOf11100s7 a >
writeFactOf11100s7 _ -> writeFactOf11100s8 4 >
writeFactOf11100s8 _ -> writeFactOf11100s9 7 >
writeFactOf11100s9 _ -> writeFactOf11100s10 a >
writeFactOf11100s10 _ -> writeFactOf11100s11 d >
writeFactOf11100s11 _ -> writeFactOf11100s12 2 >
writeFactOf11100s12 _ -> writeFactOf11100s13 c >
writeFactOf11100s13 _ -> writeFactOf11100s14 d >
writeFactOf11100s14 _ -> writeFactOf11100s15 5 >
writeFactOf11100s15 _ -> writeFactOf11100s16 9 >
writeFactOf11100s16 _ -> writeFactOf11100s17 d >
writeFactOf11100s17 _ -> writeFactOf11100s18 a >
writeFactOf11100s18 _ -> writeFactOf11100s19 e >
writeFactOf11100s19 _ -> writeFactOf11100s20 0 >
writeFactOf11100s20 _ -> writeFactOf11100s21 0 >
writeFactOf11100s21 _ -> writeFactOf11100s22 0 >
writeFactOf11100s22 _ -> writeFactOf11100s23 0 >
writeFactOf11100s23 _ -> writeFactOf11100s24 0 >
writeFactOf11100s24 _ -> writeFactOf11100s25 0 >
writeFactOf11100s25 _ -> findFirstHexDigit * <
writeFactOf11101s0 _ -> writeFactOf11101s1 6 >
writeFactOf11101s1 _ -> writeFactOf11101s2 f >
writeFactOf11101s2 _ -> writeFactOf11101s3 9 >
writeFactOf11101s3 _ -> writeFactOf11101s4 9 >
writeFactOf11101s4 _ -> writeFactOf11101s5 4 >
writeFactOf11101s5 _ -> writeFactOf11101s6 6 >
writeFactOf11101s6 _ -> writeFactOf11101s7 1 >
writeFactOf11101s7 _ -> writeFactOf11101s8 a >
writeFactOf11101s8 _ -> writeFactOf11101s9 1 >
writeFactOf11101s9 _ -> writeFactOf11101s10 e >
writeFactOf11101s10 _ -> writeFactOf11101s11 9 >
writeFactOf11101s11 _ -> writeFactOf11101s12 e >
writeFactOf11101s12 _ -> writeFactOf11101s13 1 >
writeFactOf11101s13 _ -> writeFactOf11101s14 4 >
writeFactOf11101s14 _ -> writeFactOf11101s15 3 >
writeFactOf11101s15 _ -> writeFactOf11101s16 2 >
writeFactOf11101s16 _ -> writeFactOf11101s17 d >
writeFactOf11101s17 _ -> writeFactOf11101s18 c >
writeFactOf11101s18 _ -> writeFactOf11101s19 b >
writeFactOf11101s19 _ -> writeFactOf11101s20 6 >
writeFactOf11101s20 _ -> writeFactOf11101s21 0 >
writeFactOf11101s21 _ -> writeFactOf11101s22 0 >
writeFactOf11101s22 _ -> writeFactOf11101s23 0 >
writeFactOf11101s23 _ -> writeFactOf11101s24 0 >
writeFactOf11101s24 _ -> writeFactOf11101s25 0 >
writeFactOf11101s25 _ -> writeFactOf11101s26 0 >
writeFactOf11101s26 _ -> findFirstHexDigit * <
writeFactOf11110s0 _ -> writeFactOf11110s1 d >
writeFactOf11110s1 _ -> writeFactOf11110s2 1 >
writeFactOf11110s2 _ -> writeFactOf11110s3 3 >
writeFactOf11110s3 _ -> writeFactOf11110s4 f >
writeFactOf11110s4 _ -> writeFactOf11110s5 6 >
writeFactOf11110s5 _ -> writeFactOf11110s6 3 >
writeFactOf11110s6 _ -> writeFactOf11110s7 7 >
writeFactOf11110s7 _ -> writeFactOf11110s8 0 >
writeFactOf11110s8 _ -> writeFactOf11110s9 f >
writeFactOf11110s9 _ -> writeFactOf11110s10 9 >
writeFactOf11110s10 _ -> writeFactOf11110s11 6 >
writeFactOf11110s11 _ -> writeFactOf11110s12 8 >
writeFactOf11110s12 _ -> writeFactOf11110s13 6 >
writeFactOf11110s13 _ -> writeFactOf11110s14 5 >
writeFactOf11110s14 _ -> writeFactOf11110s15 d >
writeFactOf11110s15 _ -> writeFactOf11110s16 f >
writeFactOf11110s16 _ -> writeFactOf11110s17 5 >
writeFactOf11110s17 _ -> writeFactOf11110s18 d >
writeFactOf11110s18 _ -> writeFactOf11110s19 d >
writeFactOf11110s19 _ -> writeFactOf11110s20 5 >
writeFactOf11110s20 _ -> writeFactOf11110s21 4 >
writeFactOf11110s21 _ -> writeFactOf11110s22 0 >
writeFactOf11110s22 _ -> writeFactOf11110s23 0 >
writeFactOf11110s23 _ -> writeFactOf11110s24 0 >
writeFactOf11110s24 _ -> writeFactOf11110s25 0 >
writeFactOf11110s25 _ -> writeFactOf11110s26 0 >
writeFactOf11110s26 _ -> writeFactOf11110s27 0 >
writeFactOf11110s27 _ -> findFirstHexDigit * <
findFirstHexDigit 0 -> findFirstHexDigit 0 <
findFirstHexDigit 1 -> findFirstHexDigit 1 <
findFirstHexDigit 2 -> findFirstHexDigit 2 <
findFirstHexDigit 3 -> findFirstHexDigit 3 <
findFirstHexDigit 4 -> findFirstHexDigit 4 <
findFirstHexDigit 5 -> findFirstHexDigit 5 <
findFirstHexDigit 6 -> findFirstHexDigit 6 <
findFirstHexDigit 7 -> findFirstHexDigit 7 <
findFirstHexDigit 8 -> findFirstHexDigit 8 <
findFirstHexDigit 9 -> findFirstHexDigit 9 <
findFirstHexDigit a -> findFirstHexDigit a <
findFirstHexDigit b -> findFirstHexDigit b <
findFirstHexDigit c -> findFirstHexDigit c <
findFirstHexDigit d -> findFirstHexDigit d <
findFirstHexDigit e -> findFirstHexDigit e <
findFirstHexDigit f -> findFirstHexDigit f <
findFirstHexDigit * -> findFirstHexDigit * <
findFirstHexDigit _ -> readFirstHexDigit _ >
readFirstHexDigit 0 -> add0000toEnds0 _ >
readFirstHexDigit 1 -> add0001toEnds0 _ >
readFirstHexDigit 2 -> add0010toEnds0 _ >
readFirstHexDigit 3 -> add0011toEnds0 _ >
readFirstHexDigit 4 -> add0100toEnds0 _ >
readFirstHexDigit 5 -> add0101toEnds0 _ >
readFirstHexDigit 6 -> add0110toEnds0 _ >
readFirstHexDigit 7 -> add0111toEnds0 _ >
readFirstHexDigit 8 -> add1000toEnds0 _ >
readFirstHexDigit 9 -> add1001toEnds0 _ >
readFirstHexDigit a -> add1010toEnds0 _ >
readFirstHexDigit b -> add1011toEnds0 _ >
readFirstHexDigit c -> add1100toEnds0 _ >
readFirstHexDigit d -> add1101toEnds0 _ >
readFirstHexDigit e -> add1110toEnds0 _ >
readFirstHexDigit f -> add1111toEnds0 _ >
readFirstHexDigit * -> deleteLeadingZeroes _ >
add0000toEnds0 0 -> add0000toEnds0 0 >
add0000toEnds0 1 -> add0000toEnds0 1 >
add0000toEnds0 2 -> add0000toEnds0 2 >
add0000toEnds0 3 -> add0000toEnds0 3 >
add0000toEnds0 4 -> add0000toEnds0 4 >
add0000toEnds0 5 -> add0000toEnds0 5 >
add0000toEnds0 6 -> add0000toEnds0 6 >
add0000toEnds0 7 -> add0000toEnds0 7 >
add0000toEnds0 8 -> add0000toEnds0 8 >
add0000toEnds0 9 -> add0000toEnds0 9 >
add0000toEnds0 a -> add0000toEnds0 a >
add0000toEnds0 b -> add0000toEnds0 b >
add0000toEnds0 c -> add0000toEnds0 c >
add0000toEnds0 d -> add0000toEnds0 d >
add0000toEnds0 e -> add0000toEnds0 e >
add0000toEnds0 f -> add0000toEnds0 f >
add0000toEnds0 * -> add0000toEnds0 * >
add0000toEnds0 _ -> add0000toEnds1 0 >
add0000toEnds1 _ -> add0000toEnds2 0 >
add0000toEnds2 _ -> add0000toEnds3 0 >
add0000toEnds3 _ -> findFirstHexDigit 0 <
add0001toEnds0 0 -> add0001toEnds0 0 >
add0001toEnds0 1 -> add0001toEnds0 1 >
add0001toEnds0 2 -> add0001toEnds0 2 >
add0001toEnds0 3 -> add0001toEnds0 3 >
add0001toEnds0 4 -> add0001toEnds0 4 >
add0001toEnds0 5 -> add0001toEnds0 5 >
add0001toEnds0 6 -> add0001toEnds0 6 >
add0001toEnds0 7 -> add0001toEnds0 7 >
add0001toEnds0 8 -> add0001toEnds0 8 >
add0001toEnds0 9 -> add0001toEnds0 9 >
add0001toEnds0 a -> add0001toEnds0 a >
add0001toEnds0 b -> add0001toEnds0 b >
add0001toEnds0 c -> add0001toEnds0 c >
add0001toEnds0 d -> add0001toEnds0 d >
add0001toEnds0 e -> add0001toEnds0 e >
add0001toEnds0 f -> add0001toEnds0 f >
add0001toEnds0 * -> add0001toEnds0 * >
add0001toEnds0 _ -> add0001toEnds1 0 >
add0001toEnds1 _ -> add0001toEnds2 0 >
add0001toEnds2 _ -> add0001toEnds3 0 >
add0001toEnds3 _ -> findFirstHexDigit 1 <
add0010toEnds0 0 -> add0010toEnds0 0 >
add0010toEnds0 1 -> add0010toEnds0 1 >
add0010toEnds0 2 -> add0010toEnds0 2 >
add0010toEnds0 3 -> add0010toEnds0 3 >
add0010toEnds0 4 -> add0010toEnds0 4 >
add0010toEnds0 5 -> add0010toEnds0 5 >
add0010toEnds0 6 -> add0010toEnds0 6 >
add0010toEnds0 7 -> add0010toEnds0 7 >
add0010toEnds0 8 -> add0010toEnds0 8 >
add0010toEnds0 9 -> add0010toEnds0 9 >
add0010toEnds0 a -> add0010toEnds0 a >
add0010toEnds0 b -> add0010toEnds0 b >
add0010toEnds0 c -> add0010toEnds0 c >
add0010toEnds0 d -> add0010toEnds0 d >
add0010toEnds0 e -> add0010toEnds0 e >
add0010toEnds0 f -> add0010toEnds0 f >
add0010toEnds0 * -> add0010toEnds0 * >
add0010toEnds0 _ -> add0010toEnds1 0 >
add0010toEnds1 _ -> add0010toEnds2 0 >
add0010toEnds2 _ -> add0010toEnds3 1 >
add0010toEnds3 _ -> findFirstHexDigit 0 <
add0011toEnds0 0 -> add0011toEnds0 0 >
add0011toEnds0 1 -> add0011toEnds0 1 >
add0011toEnds0 2 -> add0011toEnds0 2 >
add0011toEnds0 3 -> add0011toEnds0 3 >
add0011toEnds0 4 -> add0011toEnds0 4 >
add0011toEnds0 5 -> add0011toEnds0 5 >
add0011toEnds0 6 -> add0011toEnds0 6 >
add0011toEnds0 7 -> add0011toEnds0 7 >
add0011toEnds0 8 -> add0011toEnds0 8 >
add0011toEnds0 9 -> add0011toEnds0 9 >
add0011toEnds0 a -> add0011toEnds0 a >
add0011toEnds0 b -> add0011toEnds0 b >
add0011toEnds0 c -> add0011toEnds0 c >
add0011toEnds0 d -> add0011toEnds0 d >
add0011toEnds0 e -> add0011toEnds0 e >
add0011toEnds0 f -> add0011toEnds0 f >
add0011toEnds0 * -> add0011toEnds0 * >
add0011toEnds0 _ -> add0011toEnds1 0 >
add0011toEnds1 _ -> add0011toEnds2 0 >
add0011toEnds2 _ -> add0011toEnds3 1 >
add0011toEnds3 _ -> findFirstHexDigit 1 <
add0100toEnds0 0 -> add0100toEnds0 0 >
add0100toEnds0 1 -> add0100toEnds0 1 >
add0100toEnds0 2 -> add0100toEnds0 2 >
add0100toEnds0 3 -> add0100toEnds0 3 >
add0100toEnds0 4 -> add0100toEnds0 4 >
add0100toEnds0 5 -> add0100toEnds0 5 >
add0100toEnds0 6 -> add0100toEnds0 6 >
add0100toEnds0 7 -> add0100toEnds0 7 >
add0100toEnds0 8 -> add0100toEnds0 8 >
add0100toEnds0 9 -> add0100toEnds0 9 >
add0100toEnds0 a -> add0100toEnds0 a >
add0100toEnds0 b -> add0100toEnds0 b >
add0100toEnds0 c -> add0100toEnds0 c >
add0100toEnds0 d -> add0100toEnds0 d >
add0100toEnds0 e -> add0100toEnds0 e >
add0100toEnds0 f -> add0100toEnds0 f >
add0100toEnds0 * -> add0100toEnds0 * >
add0100toEnds0 _ -> add0100toEnds1 0 >
add0100toEnds1 _ -> add0100toEnds2 1 >
add0100toEnds2 _ -> add0100toEnds3 0 >
add0100toEnds3 _ -> findFirstHexDigit 0 <
add0101toEnds0 0 -> add0101toEnds0 0 >
add0101toEnds0 1 -> add0101toEnds0 1 >
add0101toEnds0 2 -> add0101toEnds0 2 >
add0101toEnds0 3 -> add0101toEnds0 3 >
add0101toEnds0 4 -> add0101toEnds0 4 >
add0101toEnds0 5 -> add0101toEnds0 5 >
add0101toEnds0 6 -> add0101toEnds0 6 >
add0101toEnds0 7 -> add0101toEnds0 7 >
add0101toEnds0 8 -> add0101toEnds0 8 >
add0101toEnds0 9 -> add0101toEnds0 9 >
add0101toEnds0 a -> add0101toEnds0 a >
add0101toEnds0 b -> add0101toEnds0 b >
add0101toEnds0 c -> add0101toEnds0 c >
add0101toEnds0 d -> add0101toEnds0 d >
add0101toEnds0 e -> add0101toEnds0 e >
add0101toEnds0 f -> add0101toEnds0 f >
add0101toEnds0 * -> add0101toEnds0 * >
add0101toEnds0 _ -> add0101toEnds1 0 >
add0101toEnds1 _ -> add0101toEnds2 1 >
add0101toEnds2 _ -> add0101toEnds3 0 >
add0101toEnds3 _ -> findFirstHexDigit 1 <
add0110toEnds0 0 -> add0110toEnds0 0 >
add0110toEnds0 1 -> add0110toEnds0 1 >
add0110toEnds0 2 -> add0110toEnds0 2 >
add0110toEnds0 3 -> add0110toEnds0 3 >
add0110toEnds0 4 -> add0110toEnds0 4 >
add0110toEnds0 5 -> add0110toEnds0 5 >
add0110toEnds0 6 -> add0110toEnds0 6 >
add0110toEnds0 7 -> add0110toEnds0 7 >
add0110toEnds0 8 -> add0110toEnds0 8 >
add0110toEnds0 9 -> add0110toEnds0 9 >
add0110toEnds0 a -> add0110toEnds0 a >
add0110toEnds0 b -> add0110toEnds0 b >
add0110toEnds0 c -> add0110toEnds0 c >
add0110toEnds0 d -> add0110toEnds0 d >
add0110toEnds0 e -> add0110toEnds0 e >
add0110toEnds0 f -> add0110toEnds0 f >
add0110toEnds0 * -> add0110toEnds0 * >
add0110toEnds0 _ -> add0110toEnds1 0 >
add0110toEnds1 _ -> add0110toEnds2 1 >
add0110toEnds2 _ -> add0110toEnds3 1 >
add0110toEnds3 _ -> findFirstHexDigit 0 <
add0111toEnds0 0 -> add0111toEnds0 0 >
add0111toEnds0 1 -> add0111toEnds0 1 >
add0111toEnds0 2 -> add0111toEnds0 2 >
add0111toEnds0 3 -> add0111toEnds0 3 >
add0111toEnds0 4 -> add0111toEnds0 4 >
add0111toEnds0 5 -> add0111toEnds0 5 >
add0111toEnds0 6 -> add0111toEnds0 6 >
add0111toEnds0 7 -> add0111toEnds0 7 >
add0111toEnds0 8 -> add0111toEnds0 8 >
add0111toEnds0 9 -> add0111toEnds0 9 >
add0111toEnds0 a -> add0111toEnds0 a >
add0111toEnds0 b -> add0111toEnds0 b >
add0111toEnds0 c -> add0111toEnds0 c >
add0111toEnds0 d -> add0111toEnds0 d >
add0111toEnds0 e -> add0111toEnds0 e >
add0111toEnds0 f -> add0111toEnds0 f >
add0111toEnds0 * -> add0111toEnds0 * >
add0111toEnds0 _ -> add0111toEnds1 0 >
add0111toEnds1 _ -> add0111toEnds2 1 >
add0111toEnds2 _ -> add0111toEnds3 1 >
add0111toEnds3 _ -> findFirstHexDigit 1 <
add1000toEnds0 0 -> add1000toEnds0 0 >
add1000toEnds0 1 -> add1000toEnds0 1 >
add1000toEnds0 2 -> add1000toEnds0 2 >
add1000toEnds0 3 -> add1000toEnds0 3 >
add1000toEnds0 4 -> add1000toEnds0 4 >
add1000toEnds0 5 -> add1000toEnds0 5 >
add1000toEnds0 6 -> add1000toEnds0 6 >
add1000toEnds0 7 -> add1000toEnds0 7 >
add1000toEnds0 8 -> add1000toEnds0 8 >
add1000toEnds0 9 -> add1000toEnds0 9 >
add1000toEnds0 a -> add1000toEnds0 a >
add1000toEnds0 b -> add1000toEnds0 b >
add1000toEnds0 c -> add1000toEnds0 c >
add1000toEnds0 d -> add1000toEnds0 d >
add1000toEnds0 e -> add1000toEnds0 e >
add1000toEnds0 f -> add1000toEnds0 f >
add1000toEnds0 * -> add1000toEnds0 * >
add1000toEnds0 _ -> add1000toEnds1 1 >
add1000toEnds1 _ -> add1000toEnds2 0 >
add1000toEnds2 _ -> add1000toEnds3 0 >
add1000toEnds3 _ -> findFirstHexDigit 0 <
add1001toEnds0 0 -> add1001toEnds0 0 >
add1001toEnds0 1 -> add1001toEnds0 1 >
add1001toEnds0 2 -> add1001toEnds0 2 >
add1001toEnds0 3 -> add1001toEnds0 3 >
add1001toEnds0 4 -> add1001toEnds0 4 >
add1001toEnds0 5 -> add1001toEnds0 5 >
add1001toEnds0 6 -> add1001toEnds0 6 >
add1001toEnds0 7 -> add1001toEnds0 7 >
add1001toEnds0 8 -> add1001toEnds0 8 >
add1001toEnds0 9 -> add1001toEnds0 9 >
add1001toEnds0 a -> add1001toEnds0 a >
add1001toEnds0 b -> add1001toEnds0 b >
add1001toEnds0 c -> add1001toEnds0 c >
add1001toEnds0 d -> add1001toEnds0 d >
add1001toEnds0 e -> add1001toEnds0 e >
add1001toEnds0 f -> add1001toEnds0 f >
add1001toEnds0 * -> add1001toEnds0 * >
add1001toEnds0 _ -> add1001toEnds1 1 >
add1001toEnds1 _ -> add1001toEnds2 0 >
add1001toEnds2 _ -> add1001toEnds3 0 >
add1001toEnds3 _ -> findFirstHexDigit 1 <
add1010toEnds0 0 -> add1010toEnds0 0 >
add1010toEnds0 1 -> add1010toEnds0 1 >
add1010toEnds0 2 -> add1010toEnds0 2 >
add1010toEnds0 3 -> add1010toEnds0 3 >
add1010toEnds0 4 -> add1010toEnds0 4 >
add1010toEnds0 5 -> add1010toEnds0 5 >
add1010toEnds0 6 -> add1010toEnds0 6 >
add1010toEnds0 7 -> add1010toEnds0 7 >
add1010toEnds0 8 -> add1010toEnds0 8 >
add1010toEnds0 9 -> add1010toEnds0 9 >
add1010toEnds0 a -> add1010toEnds0 a >
add1010toEnds0 b -> add1010toEnds0 b >
add1010toEnds0 c -> add1010toEnds0 c >
add1010toEnds0 d -> add1010toEnds0 d >
add1010toEnds0 e -> add1010toEnds0 e >
add1010toEnds0 f -> add1010toEnds0 f >
add1010toEnds0 * -> add1010toEnds0 * >
add1010toEnds0 _ -> add1010toEnds1 1 >
add1010toEnds1 _ -> add1010toEnds2 0 >
add1010toEnds2 _ -> add1010toEnds3 1 >
add1010toEnds3 _ -> findFirstHexDigit 0 <
add1011toEnds0 0 -> add1011toEnds0 0 >
add1011toEnds0 1 -> add1011toEnds0 1 >
add1011toEnds0 2 -> add1011toEnds0 2 >
add1011toEnds0 3 -> add1011toEnds0 3 >
add1011toEnds0 4 -> add1011toEnds0 4 >
add1011toEnds0 5 -> add1011toEnds0 5 >
add1011toEnds0 6 -> add1011toEnds0 6 >
add1011toEnds0 7 -> add1011toEnds0 7 >
add1011toEnds0 8 -> add1011toEnds0 8 >
add1011toEnds0 9 -> add1011toEnds0 9 >
add1011toEnds0 a -> add1011toEnds0 a >
add1011toEnds0 b -> add1011toEnds0 b >
add1011toEnds0 c -> add1011toEnds0 c >
add1011toEnds0 d -> add1011toEnds0 d >
add1011toEnds0 e -> add1011toEnds0 e >
add1011toEnds0 f -> add1011toEnds0 f >
add1011toEnds0 * -> add1011toEnds0 * >
add1011toEnds0 _ -> add1011toEnds1 1 >
add1011toEnds1 _ -> add1011toEnds2 0 >
add1011toEnds2 _ -> add1011toEnds3 1 >
add1011toEnds3 _ -> findFirstHexDigit 1 <
add1100toEnds0 0 -> add1100toEnds0 0 >
add1100toEnds0 1 -> add1100toEnds0 1 >
add1100toEnds0 2 -> add1100toEnds0 2 >
add1100toEnds0 3 -> add1100toEnds0 3 >
add1100toEnds0 4 -> add1100toEnds0 4 >
add1100toEnds0 5 -> add1100toEnds0 5 >
add1100toEnds0 6 -> add1100toEnds0 6 >
add1100toEnds0 7 -> add1100toEnds0 7 >
add1100toEnds0 8 -> add1100toEnds0 8 >
add1100toEnds0 9 -> add1100toEnds0 9 >
add1100toEnds0 a -> add1100toEnds0 a >
add1100toEnds0 b -> add1100toEnds0 b >
add1100toEnds0 c -> add1100toEnds0 c >
add1100toEnds0 d -> add1100toEnds0 d >
add1100toEnds0 e -> add1100toEnds0 e >
add1100toEnds0 f -> add1100toEnds0 f >
add1100toEnds0 * -> add1100toEnds0 * >
add1100toEnds0 _ -> add1100toEnds1 1 >
add1100toEnds1 _ -> add1100toEnds2 1 >
add1100toEnds2 _ -> add1100toEnds3 0 >
add1100toEnds3 _ -> findFirstHexDigit 0 <
add1101toEnds0 0 -> add1101toEnds0 0 >
add1101toEnds0 1 -> add1101toEnds0 1 >
add1101toEnds0 2 -> add1101toEnds0 2 >
add1101toEnds0 3 -> add1101toEnds0 3 >
add1101toEnds0 4 -> add1101toEnds0 4 >
add1101toEnds0 5 -> add1101toEnds0 5 >
add1101toEnds0 6 -> add1101toEnds0 6 >
add1101toEnds0 7 -> add1101toEnds0 7 >
add1101toEnds0 8 -> add1101toEnds0 8 >
add1101toEnds0 9 -> add1101toEnds0 9 >
add1101toEnds0 a -> add1101toEnds0 a >
add1101toEnds0 b -> add1101toEnds0 b >
add1101toEnds0 c -> add1101toEnds0 c >
add1101toEnds0 d -> add1101toEnds0 d >
add1101toEnds0 e -> add1101toEnds0 e >
add1101toEnds0 f -> add1101toEnds0 f >
add1101toEnds0 * -> add1101toEnds0 * >
add1101toEnds0 _ -> add1101toEnds1 1 >
add1101toEnds1 _ -> add1101toEnds2 1 >
add1101toEnds2 _ -> add1101toEnds3 0 >
add1101toEnds3 _ -> findFirstHexDigit 1 <
add1110toEnds0 0 -> add1110toEnds0 0 >
add1110toEnds0 1 -> add1110toEnds0 1 >
add1110toEnds0 2 -> add1110toEnds0 2 >
add1110toEnds0 3 -> add1110toEnds0 3 >
add1110toEnds0 4 -> add1110toEnds0 4 >
add1110toEnds0 5 -> add1110toEnds0 5 >
add1110toEnds0 6 -> add1110toEnds0 6 >
add1110toEnds0 7 -> add1110toEnds0 7 >
add1110toEnds0 8 -> add1110toEnds0 8 >
add1110toEnds0 9 -> add1110toEnds0 9 >
add1110toEnds0 a -> add1110toEnds0 a >
add1110toEnds0 b -> add1110toEnds0 b >
add1110toEnds0 c -> add1110toEnds0 c >
add1110toEnds0 d -> add1110toEnds0 d >
add1110toEnds0 e -> add1110toEnds0 e >
add1110toEnds0 f -> add1110toEnds0 f >
add1110toEnds0 * -> add1110toEnds0 * >
add1110toEnds0 _ -> add1110toEnds1 1 >
add1110toEnds1 _ -> add1110toEnds2 1 >
add1110toEnds2 _ -> add1110toEnds3 1 >
add1110toEnds3 _ -> findFirstHexDigit 0 <
add1111toEnds0 0 -> add1111toEnds0 0 >
add1111toEnds0 1 -> add1111toEnds0 1 >
add1111toEnds0 2 -> add1111toEnds0 2 >
add1111toEnds0 3 -> add1111toEnds0 3 >
add1111toEnds0 4 -> add1111toEnds0 4 >
add1111toEnds0 5 -> add1111toEnds0 5 >
add1111toEnds0 6 -> add1111toEnds0 6 >
add1111toEnds0 7 -> add1111toEnds0 7 >
add1111toEnds0 8 -> add1111toEnds0 8 >
add1111toEnds0 9 -> add1111toEnds0 9 >
add1111toEnds0 a -> add1111toEnds0 a >
add1111toEnds0 b -> add1111toEnds0 b >
add1111toEnds0 c -> add1111toEnds0 c >
add1111toEnds0 d -> add1111toEnds0 d >
add1111toEnds0 e -> add1111toEnds0 e >
add1111toEnds0 f -> add1111toEnds0 f >
add1111toEnds0 * -> add1111toEnds0 * >
add1111toEnds0 _ -> add1111toEnds1 1 >
add1111toEnds1 _ -> add1111toEnds2 1 >
add1111toEnds2 _ -> add1111toEnds3 1 >
add1111toEnds3 _ -> findFirstHexDigit 1 <
deleteLeadingZeroes 0 -> deleteLeadingZeroes _ >
deleteLeadingZeroes 1 -> ac 1 ^
